<?xml version="1.0" encoding="UTF-8"?>
<testng-results skipped="2" failed="1" total="3" passed="0">
  <reporter-output>
  </reporter-output>
  <suite name="Suite" duration-ms="97" started-at="2019-09-23T16:16:33Z" finished-at="2019-09-23T16:16:33Z">
    <groups>
    </groups>
    <test name="Test" duration-ms="97" started-at="2019-09-23T16:16:33Z" finished-at="2019-09-23T16:16:33Z">
      <class name="academy.validateTitle">
        <test-method status="SKIP" signature="validateAppTitle()[pri:0, instance:academy.validateTitle@353d0772]" name="validateAppTitle" duration-ms="0" started-at="2019-09-23T17:16:33Z" finished-at="2019-09-23T17:16:33Z">
          <reporter-output>
          </reporter-output>
        </test-method> <!-- validateAppTitle -->
      </class> <!-- academy.validateTitle -->
      <class name="academy.validateNavigationBar">
        <test-method status="SKIP" signature="validateAppNavBar()[pri:0, instance:academy.validateNavigationBar@2667f029]" name="validateAppNavBar" duration-ms="1" started-at="2019-09-23T17:16:33Z" finished-at="2019-09-23T17:16:33Z">
          <reporter-output>
          </reporter-output>
        </test-method> <!-- validateAppNavBar -->
      </class> <!-- academy.validateNavigationBar -->
      <class name="academy.HomePage">
        <test-method status="FAIL" signature="initialize()[pri:0, instance:academy.HomePage@3c130745]" name="initialize" is-config="true" duration-ms="0" started-at="2019-09-23T17:16:33Z" finished-at="2019-09-23T17:16:33Z">
          <exception class="java.io.FileNotFoundException">
            <message>
              <![CDATA[C:\Users\rahul\E2EProject\src\main\java\resources\data.properties (The system cannot find the path specified)]]>
            </message>
            <full-stacktrace>
              <![CDATA[java.io.FileNotFoundException: C:\Users\rahul\E2EProject\src\main\java\resources\data.properties (The system cannot find the path specified)
	at java.io.FileInputStream.open0(Native Method)
	at java.io.FileInputStream.open(FileInputStream.java:195)
	at java.io.FileInputStream.<init>(FileInputStream.java:138)
	at java.io.FileInputStream.<init>(FileInputStream.java:93)
	at resources.base.initializeDriver(base.java:24)
	at academy.HomePage.initialize(HomePage.java:25)
	at sun.reflect.NativeMethodAccessorImpl.invoke0(Native Method)
	at sun.reflect.NativeMethodAccessorImpl.invoke(NativeMethodAccessorImpl.java:62)
	at sun.reflect.DelegatingMethodAccessorImpl.invoke(DelegatingMethodAccessorImpl.java:43)
	at java.lang.reflect.Method.invoke(Method.java:498)
	at org.testng.internal.MethodInvocationHelper.invokeMethod(MethodInvocationHelper.java:80)
	at org.testng.internal.Invoker.invokeConfigurationMethod(Invoker.java:564)
	at org.testng.internal.Invoker.invokeConfigurations(Invoker.java:213)
	at org.testng.internal.Invoker.invokeConfigurations(Invoker.java:138)
	at org.testng.TestRunner.beforeRun(TestRunner.java:641)
	at org.testng.TestRunner.run(TestRunner.java:609)
	at org.testng.SuiteRunner.runTest(SuiteRunner.java:334)
	at org.testng.SuiteRunner.runSequentially(SuiteRunner.java:329)
	at org.testng.SuiteRunner.privateRun(SuiteRunner.java:291)
	at org.testng.SuiteRunner.run(SuiteRunner.java:240)
	at org.testng.SuiteRunnerWorker.runSuite(SuiteRunnerWorker.java:52)
	at org.testng.SuiteRunnerWorker.run(SuiteRunnerWorker.java:86)
	at org.testng.TestNG.runSuitesSequentially(TestNG.java:1198)
	at org.testng.TestNG.runSuitesLocally(TestNG.java:1123)
	at org.testng.TestNG.run(TestNG.java:1031)
	at org.apache.maven.surefire.testng.TestNGExecutor.run(TestNGExecutor.java:283)
	at org.apache.maven.surefire.testng.TestNGXmlTestSuite.execute(TestNGXmlTestSuite.java:75)
	at org.apache.maven.surefire.testng.TestNGProvider.invoke(TestNGProvider.java:120)
	at org.apache.maven.surefire.booter.ForkedBooter.invokeProviderInSameClassLoader(ForkedBooter.java:384)
	at org.apache.maven.surefire.booter.ForkedBooter.runSuitesInProcess(ForkedBooter.java:345)
	at org.apache.maven.surefire.booter.ForkedBooter.execute(ForkedBooter.java:126)
	at org.apache.maven.surefire.booter.ForkedBooter.main(ForkedBooter.java:418)
]]>
            </full-stacktrace>
          </exception> <!-- java.io.FileNotFoundException -->
          <reporter-output>
          </reporter-output>
        </test-method> <!-- initialize -->
        <test-method status="SKIP" signature="initialize()[pri:0, instance:academy.validateNavigationBar@2667f029]" name="initialize" is-config="true" duration-ms="0" started-at="2019-09-23T17:16:33Z" finished-at="2019-09-23T17:16:33Z">
          <reporter-output>
          </reporter-output>
        </test-method> <!-- initialize -->
        <test-method status="SKIP" signature="initialize()[pri:0, instance:academy.validateTitle@353d0772]" name="initialize" is-config="true" duration-ms="0" started-at="2019-09-23T17:16:33Z" finished-at="2019-09-23T17:16:33Z">
          <reporter-output>
          </reporter-output>
        </test-method> <!-- initialize -->
        <test-method status="FAIL" signature="basePageNavigation(java.lang.String, java.lang.String, java.lang.String)[pri:0, instance:academy.HomePage@3c130745]" name="basePageNavigation" duration-ms="0" started-at="2019-09-23T17:16:33Z" data-provider="getData" finished-at="2019-09-23T17:16:33Z">
          <exception class="org.testng.TestNGException">
            <message>
              <![CDATA[
Method public void academy.HomePage.basePageNavigation(java.lang.String,java.lang.String,java.lang.String) throws java.io.IOException requires a @DataProvider named : getData]]>
            </message>
            <full-stacktrace>
              <![CDATA[org.testng.TestNGException: 
Method public void academy.HomePage.basePageNavigation(java.lang.String,java.lang.String,java.lang.String) throws java.io.IOException requires a @DataProvider named : getData
	at org.testng.internal.Parameters.findDataProvider(Parameters.java:265)
	at org.testng.internal.Parameters.handleParameters(Parameters.java:414)
	at org.testng.internal.Invoker.handleParameters(Invoker.java:1383)
	at org.testng.internal.Invoker.createParameters(Invoker.java:1075)
	at org.testng.internal.Invoker.invokeTestMethods(Invoker.java:1180)
	at org.testng.internal.TestMethodWorker.invokeTestMethods(TestMethodWorker.java:127)
	at org.testng.internal.TestMethodWorker.run(TestMethodWorker.java:111)
	at org.testng.TestRunner.privateRun(TestRunner.java:767)
	at org.testng.TestRunner.run(TestRunner.java:617)
	at org.testng.SuiteRunner.runTest(SuiteRunner.java:334)
	at org.testng.SuiteRunner.runSequentially(SuiteRunner.java:329)
	at org.testng.SuiteRunner.privateRun(SuiteRunner.java:291)
	at org.testng.SuiteRunner.run(SuiteRunner.java:240)
	at org.testng.SuiteRunnerWorker.runSuite(SuiteRunnerWorker.java:52)
	at org.testng.SuiteRunnerWorker.run(SuiteRunnerWorker.java:86)
	at org.testng.TestNG.runSuitesSequentially(TestNG.java:1198)
	at org.testng.TestNG.runSuitesLocally(TestNG.java:1123)
	at org.testng.TestNG.run(TestNG.java:1031)
	at org.apache.maven.surefire.testng.TestNGExecutor.run(TestNGExecutor.java:283)
	at org.apache.maven.surefire.testng.TestNGXmlTestSuite.execute(TestNGXmlTestSuite.java:75)
	at org.apache.maven.surefire.testng.TestNGProvider.invoke(TestNGProvider.java:120)
	at org.apache.maven.surefire.booter.ForkedBooter.invokeProviderInSameClassLoader(ForkedBooter.java:384)
	at org.apache.maven.surefire.booter.ForkedBooter.runSuitesInProcess(ForkedBooter.java:345)
	at org.apache.maven.surefire.booter.ForkedBooter.execute(ForkedBooter.java:126)
	at org.apache.maven.surefire.booter.ForkedBooter.main(ForkedBooter.java:418)
]]>
            </full-stacktrace>
          </exception> <!-- org.testng.TestNGException -->
          <reporter-output>
          </reporter-output>
        </test-method> <!-- basePageNavigation -->
        <test-method status="SKIP" signature="teardown()[pri:0, instance:academy.HomePage@3c130745]" name="teardown" is-config="true" duration-ms="0" started-at="2019-09-23T17:16:33Z" finished-at="2019-09-23T17:16:33Z">
          <reporter-output>
          </reporter-output>
        </test-method> <!-- teardown -->
        <test-method status="SKIP" signature="teardown()[pri:0, instance:academy.validateNavigationBar@2667f029]" name="teardown" is-config="true" duration-ms="0" started-at="2019-09-23T17:16:33Z" finished-at="2019-09-23T17:16:33Z">
          <reporter-output>
          </reporter-output>
        </test-method> <!-- teardown -->
        <test-method status="SKIP" signature="teardown()[pri:0, instance:academy.validateTitle@353d0772]" name="teardown" is-config="true" duration-ms="0" started-at="2019-09-23T17:16:33Z" finished-at="2019-09-23T17:16:33Z">
          <reporter-output>
          </reporter-output>
        </test-method> <!-- teardown -->
      </class> <!-- academy.HomePage -->
    </test> <!-- Test -->
  </suite> <!-- Suite -->
</testng-results>
